This is pdfTeX, Version 3.14159265-2.6-1.40.19 (MiKTeX 2.9.6730 64-bit) (preloaded format=pdflatex 2020.7.13)  29 OCT 2020 23:01
entering extended mode
**C:/Users/Alex/Desktop/Tkocz/khinchin-disc-unif.tex
(C:/Users/Alex/Desktop/Tkocz/khinchin-disc-unif.tex
LaTeX2e <2018-04-01> patch level 5
("C:\Users\Alex\AppData\Local\Programs\MiKTeX 2.9\tex\latex\base\article.cls"
Document Class: article 2014/09/29 v1.4h Standard LaTeX document class
("C:\Users\Alex\AppData\Local\Programs\MiKTeX 2.9\tex\latex\base\size10.clo"
File: size10.clo 2014/09/29 v1.4h Standard LaTeX file (size option)
)
\c@part=\count80
\c@section=\count81
\c@subsection=\count82
\c@subsubsection=\count83
\c@paragraph=\count84
\c@subparagraph=\count85
\c@figure=\count86
\c@table=\count87
\abovecaptionskip=\skip41
\belowcaptionskip=\skip42
\bibindent=\dimen102
)
("C:\Users\Alex\AppData\Local\Programs\MiKTeX 2.9\tex\latex\base\inputenc.sty"
Package: inputenc 2018/04/06 v1.3b Input encoding file
\inpenc@prehook=\toks14
\inpenc@posthook=\toks15
)
("C:\Users\Alex\AppData\Local\Programs\MiKTeX 2.9\tex\latex\amsfonts\amssymb.st
y"
Package: amssymb 2013/01/14 v3.01 AMS font symbols

("C:\Users\Alex\AppData\Local\Programs\MiKTeX 2.9\tex\latex\amsfonts\amsfonts.s
ty"
Package: amsfonts 2013/01/14 v3.01 Basic AMSFonts support
\@emptytoks=\toks16
\symAMSa=\mathgroup4
\symAMSb=\mathgroup5
LaTeX Font Info:    Overwriting math alphabet `\mathfrak' in version `bold'
(Font)                  U/euf/m/n --> U/euf/b/n on input line 106.
))
("C:\Users\Alex\AppData\Local\Programs\MiKTeX 2.9\tex\latex\amscls\amsthm.sty"
Package: amsthm 2017/10/31 v2.20.4
\thm@style=\toks17
\thm@bodyfont=\toks18
\thm@headfont=\toks19
\thm@notefont=\toks20
\thm@headpunct=\toks21
\thm@preskip=\skip43
\thm@postskip=\skip44
\thm@headsep=\skip45
\dth@everypar=\toks22
) ("C:\Users\Alex\AppData\Local\Programs\MiKTeX 2.9\tex\latex\amsmath\amsmath.s
ty"
Package: amsmath 2017/09/02 v2.17a AMS math features
\@mathmargin=\skip46

For additional information on amsmath, use the `?' option.
("C:\Users\Alex\AppData\Local\Programs\MiKTeX 2.9\tex\latex\amsmath\amstext.sty
"
Package: amstext 2000/06/29 v2.01 AMS text
 ("C:\Users\Alex\AppData\Local\Programs\MiKTeX 2.9\tex\latex\amsmath\amsgen.sty
"
File: amsgen.sty 1999/11/30 v2.0 generic functions
\@emptytoks=\toks23
\ex@=\dimen103
))
("C:\Users\Alex\AppData\Local\Programs\MiKTeX 2.9\tex\latex\amsmath\amsbsy.sty"
Package: amsbsy 1999/11/29 v1.2d Bold Symbols
\pmbraise@=\dimen104
) ("C:\Users\Alex\AppData\Local\Programs\MiKTeX 2.9\tex\latex\amsmath\amsopn.st
y"
Package: amsopn 2016/03/08 v2.02 operator names
)
\inf@bad=\count88
LaTeX Info: Redefining \frac on input line 213.
\uproot@=\count89
\leftroot@=\count90
LaTeX Info: Redefining \overline on input line 375.
\classnum@=\count91
\DOTSCASE@=\count92
LaTeX Info: Redefining \ldots on input line 472.
LaTeX Info: Redefining \dots on input line 475.
LaTeX Info: Redefining \cdots on input line 596.
\Mathstrutbox@=\box26
\strutbox@=\box27
\big@size=\dimen105
LaTeX Font Info:    Redeclaring font encoding OML on input line 712.
LaTeX Font Info:    Redeclaring font encoding OMS on input line 713.
\macc@depth=\count93
\c@MaxMatrixCols=\count94
\dotsspace@=\muskip10
\c@parentequation=\count95
\dspbrk@lvl=\count96
\tag@help=\toks24
\row@=\count97
\column@=\count98
\maxfields@=\count99
\andhelp@=\toks25
\eqnshift@=\dimen106
\alignsep@=\dimen107
\tagshift@=\dimen108
\tagwidth@=\dimen109
\totwidth@=\dimen110
\lineht@=\dimen111
\@envbody=\toks26
\multlinegap=\skip47
\multlinetaggap=\skip48
\mathdisplay@stack=\toks27
LaTeX Info: Redefining \[ on input line 2817.
LaTeX Info: Redefining \] on input line 2818.
)
("C:\Users\Alex\AppData\Local\Programs\MiKTeX 2.9\tex\latex\tools\enumerate.sty
"
Package: enumerate 2015/07/23 v3.00 enumerate extensions (DPC)
\@enLab=\toks28
)
("C:\Users\Alex\AppData\Local\Programs\MiKTeX 2.9\tex\latex\graphics\graphicx.s
ty"
Package: graphicx 2017/06/01 v1.1a Enhanced LaTeX Graphics (DPC,SPQR)

("C:\Users\Alex\AppData\Local\Programs\MiKTeX 2.9\tex\latex\graphics\keyval.sty
"
Package: keyval 2014/10/28 v1.15 key=value parser (DPC)
\KV@toks@=\toks29
)
("C:\Users\Alex\AppData\Local\Programs\MiKTeX 2.9\tex\latex\graphics\graphics.s
ty"
Package: graphics 2017/06/25 v1.2c Standard LaTeX Graphics (DPC,SPQR)

("C:\Users\Alex\AppData\Local\Programs\MiKTeX 2.9\tex\latex\graphics\trig.sty"
Package: trig 2016/01/03 v1.10 sin cos tan (DPC)
)
("C:\Users\Alex\AppData\Local\Programs\MiKTeX 2.9\tex\latex\graphics-cfg\graphi
cs.cfg"
File: graphics.cfg 2016/06/04 v1.11 sample graphics configuration
)
Package graphics Info: Driver file: pdftex.def on input line 99.

("C:\Users\Alex\AppData\Local\Programs\MiKTeX 2.9\tex\latex\graphics-def\pdftex
.def"
File: pdftex.def 2018/01/08 v1.0l Graphics/color driver for pdftex
))
\Gin@req@height=\dimen112
\Gin@req@width=\dimen113
)
("C:\Users\Alex\AppData\Local\Programs\MiKTeX 2.9\tex\latex\graphics\color.sty"
Package: color 2016/07/10 v1.1e Standard LaTeX Color (DPC)

("C:\Users\Alex\AppData\Local\Programs\MiKTeX 2.9\tex\latex\graphics-cfg\color.
cfg"
File: color.cfg 2016/01/02 v1.6 sample color configuration
)
Package color Info: Driver file: pdftex.def on input line 147.
)
("C:\Users\Alex\AppData\Local\Programs\MiKTeX 2.9\tex\latex\hyperref\hyperref.s
ty"
Package: hyperref 2018/02/06 v6.86b Hypertext links for LaTeX

("C:\Users\Alex\AppData\Local\Programs\MiKTeX 2.9\tex\generic\oberdiek\hobsub-h
yperref.sty"
Package: hobsub-hyperref 2016/05/16 v1.14 Bundle oberdiek, subset hyperref (HO)


("C:\Users\Alex\AppData\Local\Programs\MiKTeX 2.9\tex\generic\oberdiek\hobsub-g
eneric.sty"
Package: hobsub-generic 2016/05/16 v1.14 Bundle oberdiek, subset generic (HO)
Package: hobsub 2016/05/16 v1.14 Construct package bundles (HO)
Package: infwarerr 2016/05/16 v1.4 Providing info/warning/error messages (HO)
Package: ltxcmds 2016/05/16 v1.23 LaTeX kernel commands for general use (HO)
Package: ifluatex 2016/05/16 v1.4 Provides the ifluatex switch (HO)
Package ifluatex Info: LuaTeX not detected.
Package: ifvtex 2016/05/16 v1.6 Detect VTeX and its facilities (HO)
Package ifvtex Info: VTeX not detected.
Package: intcalc 2016/05/16 v1.2 Expandable calculations with integers (HO)
Package: ifpdf 2017/03/15 v3.2 Provides the ifpdf switch
Package: etexcmds 2016/05/16 v1.6 Avoid name clashes with e-TeX commands (HO)
Package etexcmds Info: Could not find \expanded.
(etexcmds)             That can mean that you are not using pdfTeX 1.50 or
(etexcmds)             that some package has redefined \expanded.
(etexcmds)             In the latter case, load this package earlier.
Package: kvsetkeys 2016/05/16 v1.17 Key value parser (HO)
Package: kvdefinekeys 2016/05/16 v1.4 Define keys (HO)
Package: pdftexcmds 2018/01/30 v0.27 Utility functions of pdfTeX for LuaTeX (HO
)
Package pdftexcmds Info: LuaTeX not detected.
Package pdftexcmds Info: \pdf@primitive is available.
Package pdftexcmds Info: \pdf@ifprimitive is available.
Package pdftexcmds Info: \pdfdraftmode found.
Package: pdfescape 2016/05/16 v1.14 Implements pdfTeX's escape features (HO)
Package: bigintcalc 2016/05/16 v1.4 Expandable calculations on big integers (HO
)
Package: bitset 2016/05/16 v1.2 Handle bit-vector datatype (HO)
Package: uniquecounter 2016/05/16 v1.3 Provide unlimited unique counter (HO)
)
Package hobsub Info: Skipping package `hobsub' (already loaded).
Package: letltxmacro 2016/05/16 v1.5 Let assignment for LaTeX macros (HO)
Package: hopatch 2016/05/16 v1.3 Wrapper for package hooks (HO)
Package: xcolor-patch 2016/05/16 xcolor patch
Package: atveryend 2016/05/16 v1.9 Hooks at the very end of document (HO)
Package atveryend Info: \enddocument detected (standard20110627).
Package: atbegshi 2016/06/09 v1.18 At begin shipout hook (HO)
Package: refcount 2016/05/16 v3.5 Data extraction from label references (HO)
Package: hycolor 2016/05/16 v1.8 Color options for hyperref/bookmark (HO)
)
("C:\Users\Alex\AppData\Local\Programs\MiKTeX 2.9\tex\generic\ifxetex\ifxetex.s
ty"
Package: ifxetex 2010/09/12 v0.6 Provides ifxetex conditional
)
("C:\Users\Alex\AppData\Local\Programs\MiKTeX 2.9\tex\latex\oberdiek\auxhook.st
y"
Package: auxhook 2016/05/16 v1.4 Hooks for auxiliary files (HO)
)
("C:\Users\Alex\AppData\Local\Programs\MiKTeX 2.9\tex\latex\oberdiek\kvoptions.
sty"
Package: kvoptions 2016/05/16 v3.12 Key value format for package options (HO)
)
\@linkdim=\dimen114
\Hy@linkcounter=\count100
\Hy@pagecounter=\count101

("C:\Users\Alex\AppData\Local\Programs\MiKTeX 2.9\tex\latex\hyperref\pd1enc.def
"
File: pd1enc.def 2018/02/06 v6.86b Hyperref: PDFDocEncoding definition (HO)
Now handling font encoding PD1 ...
... no UTF-8 mapping file for font encoding PD1
)
\Hy@SavedSpaceFactor=\count102

("C:\Users\Alex\AppData\Local\Programs\MiKTeX 2.9\tex\latex\00miktex\hyperref.c
fg"
File: hyperref.cfg 2002/06/06 v1.2 hyperref configuration of TeXLive
)
Package hyperref Info: Hyper figures OFF on input line 4509.
Package hyperref Info: Link nesting OFF on input line 4514.
Package hyperref Info: Hyper index ON on input line 4517.
Package hyperref Info: Plain pages OFF on input line 4524.
Package hyperref Info: Backreferencing OFF on input line 4529.
Package hyperref Info: Implicit mode ON; LaTeX internals redefined.
Package hyperref Info: Bookmarks ON on input line 4762.
\c@Hy@tempcnt=\count103
 ("C:\Users\Alex\AppData\Local\Programs\MiKTeX 2.9\tex\latex\url\url.sty"
\Urlmuskip=\muskip11
Package: url 2013/09/16  ver 3.4  Verb mode for urls, etc.
)
LaTeX Info: Redefining \url on input line 5115.
\XeTeXLinkMargin=\dimen115
\Fld@menulength=\count104
\Field@Width=\dimen116
\Fld@charsize=\dimen117
Package hyperref Info: Hyper figures OFF on input line 6369.
Package hyperref Info: Link nesting OFF on input line 6374.
Package hyperref Info: Hyper index ON on input line 6377.
Package hyperref Info: backreferencing OFF on input line 6384.
Package hyperref Info: Link coloring OFF on input line 6389.
Package hyperref Info: Link coloring with OCG OFF on input line 6394.
Package hyperref Info: PDF/A mode OFF on input line 6399.
LaTeX Info: Redefining \ref on input line 6439.
LaTeX Info: Redefining \pageref on input line 6443.
\Hy@abspage=\count105
\c@Item=\count106
\c@Hfootnote=\count107
)
Package hyperref Info: Driver (autodetected): hpdftex.

("C:\Users\Alex\AppData\Local\Programs\MiKTeX 2.9\tex\latex\hyperref\hpdftex.de
f"
File: hpdftex.def 2018/02/06 v6.86b Hyperref driver for pdfTeX
\Fld@listcount=\count108
\c@bookmark@seq@number=\count109

("C:\Users\Alex\AppData\Local\Programs\MiKTeX 2.9\tex\latex\oberdiek\rerunfilec
heck.sty"
Package: rerunfilecheck 2016/05/16 v1.8 Rerun checks for auxiliary files (HO)
Package uniquecounter Info: New unique counter `rerunfilecheck' on input line 2
82.
)
\Hy@SectionHShift=\skip49
)
("C:\Users\Alex\AppData\Local\Programs\MiKTeX 2.9\tex\latex\geometry\geometry.s
ty"
Package: geometry 2018/04/16 v5.8 Page Geometry
\Gm@cnth=\count110
\Gm@cntv=\count111
\c@Gm@tempcnt=\count112
\Gm@bindingoffset=\dimen118
\Gm@wd@mp=\dimen119
\Gm@odd@mp=\dimen120
\Gm@even@mp=\dimen121
\Gm@layoutwidth=\dimen122
\Gm@layoutheight=\dimen123
\Gm@layouthoffset=\dimen124
\Gm@layoutvoffset=\dimen125
\Gm@dimlist=\toks30

("C:\Users\Alex\AppData\Local\Programs\MiKTeX 2.9\tex\latex\geometry\geometry.c
fg"))
\c@theorem=\count113
\c@conjecture=\count114
 (khinchin-disc-unif.aux)
\openout1 = `khinchin-disc-unif.aux'.

LaTeX Font Info:    Checking defaults for OML/cmm/m/it on input line 50.
LaTeX Font Info:    ... okay on input line 50.
LaTeX Font Info:    Checking defaults for T1/cmr/m/n on input line 50.
LaTeX Font Info:    ... okay on input line 50.
LaTeX Font Info:    Checking defaults for OT1/cmr/m/n on input line 50.
LaTeX Font Info:    ... okay on input line 50.
LaTeX Font Info:    Checking defaults for OMS/cmsy/m/n on input line 50.
LaTeX Font Info:    ... okay on input line 50.
LaTeX Font Info:    Checking defaults for OMX/cmex/m/n on input line 50.
LaTeX Font Info:    ... okay on input line 50.
LaTeX Font Info:    Checking defaults for U/cmr/m/n on input line 50.
LaTeX Font Info:    ... okay on input line 50.
LaTeX Font Info:    Checking defaults for PD1/pdf/m/n on input line 50.
LaTeX Font Info:    ... okay on input line 50.

("C:\Users\Alex\AppData\Local\Programs\MiKTeX 2.9\tex\latex\oberdiek\epstopdf-b
ase.sty"
Package: epstopdf-base 2016/05/15 v2.6 Base part for package epstopdf

("C:\Users\Alex\AppData\Local\Programs\MiKTeX 2.9\tex\latex\oberdiek\grfext.sty
"
Package: grfext 2016/05/16 v1.2 Manage graphics extensions (HO)
)
Package epstopdf-base Info: Redefining graphics rule for `.eps' on input line 4
38.
Package grfext Info: Graphics extension search list:
(grfext)             [.pdf,.png,.jpg,.mps,.jpeg,.jbig2,.jb2,.PDF,.PNG,.JPG,.JPE
G,.JBIG2,.JB2,.eps]
(grfext)             \AppendGraphicsExtensions on input line 456.
)
\AtBeginShipoutBox=\box28
Package hyperref Info: Link coloring OFF on input line 50.

("C:\Users\Alex\AppData\Local\Programs\MiKTeX 2.9\tex\latex\hyperref\nameref.st
y"
Package: nameref 2016/05/21 v2.44 Cross-referencing by name of section

("C:\Users\Alex\AppData\Local\Programs\MiKTeX 2.9\tex\generic\oberdiek\gettitle
string.sty"
Package: gettitlestring 2016/05/16 v1.5 Cleanup title references (HO)
)
\c@section@level=\count115
)
LaTeX Info: Redefining \ref on input line 50.
LaTeX Info: Redefining \pageref on input line 50.
LaTeX Info: Redefining \nameref on input line 50.
 (khinchin-disc-unif.out) (khinchin-disc-unif.out)
\@outlinefile=\write3
\openout3 = `khinchin-disc-unif.out'.


*geometry* driver: auto-detecting
*geometry* detected driver: pdftex
*geometry* verbose mode - [ preamble ] result:
* driver: pdftex
* paper: a4paper
* layout: <same size as paper>
* layoutoffset:(h,v)=(0.0pt,0.0pt)
* modes: 
* h-part:(L,W,R)=(93.95122pt, 409.60544pt, 93.95122pt)
* v-part:(T,H,B)=(86.72377pt, 649.91808pt, 108.405pt)
* \paperwidth=597.50787pt
* \paperheight=845.04684pt
* \textwidth=409.60544pt
* \textheight=649.91808pt
* \oddsidemargin=21.68123pt
* \evensidemargin=21.68123pt
* \topmargin=-22.54622pt
* \headheight=12.0pt
* \headsep=25.0pt
* \topskip=10.0pt
* \footskip=30.0pt
* \marginparwidth=65.0pt
* \marginparsep=11.0pt
* \columnsep=10.0pt
* \skip\footins=9.0pt plus 4.0pt minus 2.0pt
* \hoffset=0.0pt
* \voffset=0.0pt
* \mag=1000
* \@twocolumnfalse
* \@twosidefalse
* \@mparswitchfalse
* \@reversemarginfalse
* (1in=72.27pt=25.4mm, 1cm=28.453pt)

LaTeX Font Info:    Try loading font information for U+msa on input line 54.
("C:\Users\Alex\AppData\Local\Programs\MiKTeX 2.9\tex\latex\amsfonts\umsa.fd"
File: umsa.fd 2013/01/14 v3.01 AMS symbols A
)
LaTeX Font Info:    Try loading font information for U+msb on input line 54.

("C:\Users\Alex\AppData\Local\Programs\MiKTeX 2.9\tex\latex\amsfonts\umsb.fd"
File: umsb.fd 2013/01/14 v3.01 AMS symbols B
)
LaTeX Font Info:    Try loading font information for OMS+cmr on input line 54.

("C:\Users\Alex\AppData\Local\Programs\MiKTeX 2.9\tex\latex\base\omscmr.fd"
File: omscmr.fd 2014/09/29 v2.5h Standard LaTeX font definitions
)
LaTeX Font Info:    Font shape `OMS/cmr/m/n' in size <8> not available
(Font)              Font shape `OMS/cmsy/m/n' tried instead on input line 54.
LaTeX Font Info:    Font shape `OMS/cmr/m/n' in size <6> not available
(Font)              Font shape `OMS/cmsy/m/n' tried instead on input line 54.

[1

{C:/Users/Alex/AppData/Local/MiKTeX/2.9/pdftex/config/pdftex.map}] [2]
[3] [4]

Package hyperref Warning: Token not allowed in a PDF string (PDFDocEncoding):
(hyperref)                removing `math shift' on input line 165.


Package hyperref Warning: Token not allowed in a PDF string (PDFDocEncoding):
(hyperref)                removing `math shift' on input line 165.


Package hyperref Warning: Token not allowed in a PDF string (PDFDocEncoding):
(hyperref)                removing `math shift' on input line 190.


Package hyperref Warning: Token not allowed in a PDF string (PDFDocEncoding):
(hyperref)                removing `math shift' on input line 190.

[5] [6] [7] [8] [9] [10] [11]

Package hyperref Warning: Token not allowed in a PDF string (PDFDocEncoding):
(hyperref)                removing `math shift' on input line 506.


Package hyperref Warning: Token not allowed in a PDF string (PDFDocEncoding):
(hyperref)                removing `math shift' on input line 506.

[12] [13] [14] [15]

Package hyperref Warning: Token not allowed in a PDF string (PDFDocEncoding):
(hyperref)                removing `math shift' on input line 649.


Package hyperref Warning: Token not allowed in a PDF string (PDFDocEncoding):
(hyperref)                removing `math shift' on input line 649.

[16] [17] [18] [19] [20] [21] [22]
Package atveryend Info: Empty hook `BeforeClearDocument' on input line 1082.
 [23]
Package atveryend Info: Empty hook `AfterLastShipout' on input line 1082.
 (khinchin-disc-unif.aux)
Package atveryend Info: Executing hook `AtVeryEndDocument' on input line 1082.
Package atveryend Info: Executing hook `AtEndAfterFileList' on input line 1082.

Package rerunfilecheck Info: File `khinchin-disc-unif.out' has not changed.
(rerunfilecheck)             Checksum: 25FF88488390CE8B0976F197D6FF83F2;920.
Package atveryend Info: Empty hook `AtVeryVeryEnd' on input line 1082.
 ) 
Here is how much of TeX's memory you used:
 6453 strings out of 492973
 93461 string characters out of 3127135
 200043 words of memory out of 3000000
 10124 multiletter control sequences out of 15000+200000
 15866 words of font info for 60 fonts, out of 3000000 for 9000
 1141 hyphenation exceptions out of 8191
 31i,12n,31p,1768b,442s stack positions out of 5000i,500n,10000p,200000b,50000s
<C:/Users/Alex/AppData/Local/Programs/MiKTeX 2.9/fonts/type1/public/amsfonts/
cm/cmbx10.pfb><C:/Users/Alex/AppData/Local/Programs/MiKTeX 2.9/fonts/type1/publ
ic/amsfonts/cm/cmbx12.pfb><C:/Users/Alex/AppData/Local/Programs/MiKTeX 2.9/font
s/type1/public/amsfonts/cm/cmbx9.pfb><C:/Users/Alex/AppData/Local/Programs/MiKT
eX 2.9/fonts/type1/public/amsfonts/cm/cmex10.pfb><C:/Users/Alex/AppData/Local/P
rograms/MiKTeX 2.9/fonts/type1/public/amsfonts/cm/cmmi10.pfb><C:/Users/Alex/App
Data/Local/Programs/MiKTeX 2.9/fonts/type1/public/amsfonts/cm/cmmi5.pfb><C:/Use
rs/Alex/AppData/Local/Programs/MiKTeX 2.9/fonts/type1/public/amsfonts/cm/cmmi7.
pfb><C:/Users/Alex/AppData/Local/Programs/MiKTeX 2.9/fonts/type1/public/amsfont
s/cm/cmr10.pfb><C:/Users/Alex/AppData/Local/Programs/MiKTeX 2.9/fonts/type1/pub
lic/amsfonts/cm/cmr12.pfb><C:/Users/Alex/AppData/Local/Programs/MiKTeX 2.9/font
s/type1/public/amsfonts/cm/cmr17.pfb><C:/Users/Alex/AppData/Local/Programs/MiKT
eX 2.9/fonts/type1/public/amsfonts/cm/cmr5.pfb><C:/Users/Alex/AppData/Local/Pro
grams/MiKTeX 2.9/fonts/type1/public/amsfonts/cm/cmr7.pfb><C:/Users/Alex/AppData
/Local/Programs/MiKTeX 2.9/fonts/type1/public/amsfonts/cm/cmr8.pfb><C:/Users/Al
ex/AppData/Local/Programs/MiKTeX 2.9/fonts/type1/public/amsfonts/cm/cmr9.pfb><C
:/Users/Alex/AppData/Local/Programs/MiKTeX 2.9/fonts/type1/public/amsfonts/cm/c
mss10.pfb><C:/Users/Alex/AppData/Local/Programs/MiKTeX 2.9/fonts/type1/public/a
msfonts/cm/cmsy10.pfb><C:/Users/Alex/AppData/Local/Programs/MiKTeX 2.9/fonts/ty
pe1/public/amsfonts/cm/cmsy5.pfb><C:/Users/Alex/AppData/Local/Programs/MiKTeX 2
.9/fonts/type1/public/amsfonts/cm/cmsy6.pfb><C:/Users/Alex/AppData/Local/Progra
ms/MiKTeX 2.9/fonts/type1/public/amsfonts/cm/cmsy7.pfb><C:/Users/Alex/AppData/L
ocal/Programs/MiKTeX 2.9/fonts/type1/public/amsfonts/cm/cmsy8.pfb><C:/Users/Ale
x/AppData/Local/Programs/MiKTeX 2.9/fonts/type1/public/amsfonts/cm/cmti10.pfb><
C:/Users/Alex/AppData/Local/Programs/MiKTeX 2.9/fonts/type1/public/amsfonts/cm/
cmti8.pfb><C:/Users/Alex/AppData/Local/Programs/MiKTeX 2.9/fonts/type1/public/a
msfonts/symbols/msbm10.pfb><C:/Users/Alex/AppData/Local/Programs/MiKTeX 2.9/fon
ts/type1/public/amsfonts/symbols/msbm7.pfb>
Output written on khinchin-disc-unif.pdf (23 pages, 444408 bytes).
PDF statistics:
 506 PDF objects out of 1000 (max. 8388607)
 123 named destinations out of 1000 (max. 500000)
 97 words of extra memory for PDF output out of 10000 (max. 10000000)

